2024-03-02 16:03:07 info: =================================
2024-03-02 16:03:07 info: ======= ENV: development =======
2024-03-02 16:03:07 info: 🚀 App listening on the port 3000
2024-03-02 16:03:07 info: =================================
2024-03-02 16:03:50 info: =================================
2024-03-02 16:03:50 info: ======= ENV: development =======
2024-03-02 16:03:50 info: 🚀 App listening on the port 3000
2024-03-02 16:03:50 info: =================================
2024-03-02 16:04:50 info: =================================
2024-03-02 16:04:50 info: ======= ENV: development =======
2024-03-02 16:04:50 info: 🚀 App listening on the port 3000
2024-03-02 16:04:50 info: =================================
2024-03-02 16:10:49 info: =================================
2024-03-02 16:10:49 info: ======= ENV: development =======
2024-03-02 16:10:49 info: 🚀 App listening on the port 3000
2024-03-02 16:10:49 info: =================================
2024-03-02 16:14:06 info: =================================
2024-03-02 16:14:06 info: ======= ENV: development =======
2024-03-02 16:14:06 info: 🚀 App listening on the port 3000
2024-03-02 16:14:06 info: =================================
2024-03-02 16:15:06 info: =================================
2024-03-02 16:15:06 info: ======= ENV: development =======
2024-03-02 16:15:06 info: 🚀 App listening on the port 3000
2024-03-02 16:15:06 info: =================================
2024-03-02 16:18:46 info: =================================
2024-03-02 16:18:46 info: ======= ENV: development =======
2024-03-02 16:18:46 info: 🚀 App listening on the port 3000
2024-03-02 16:18:46 info: =================================
2024-03-02 16:19:17 info: =================================
2024-03-02 16:19:17 info: ======= ENV: development =======
2024-03-02 16:19:17 info: 🚀 App listening on the port 3000
2024-03-02 16:19:17 info: =================================
2024-03-02 16:21:09 info: =================================
2024-03-02 16:21:09 info: ======= ENV: development =======
2024-03-02 16:21:09 info: 🚀 App listening on the port 3000
2024-03-02 16:21:09 info: =================================
2024-03-02 16:21:29 info: =================================
2024-03-02 16:21:29 info: ======= ENV: development =======
2024-03-02 16:21:29 info: 🚀 App listening on the port 3000
2024-03-02 16:21:29 info: =================================
2024-03-02 16:22:03 info: =================================
2024-03-02 16:22:03 info: ======= ENV: development =======
2024-03-02 16:22:03 info: 🚀 App listening on the port 3000
2024-03-02 16:22:03 info: =================================
2024-03-02 16:22:25 info: =================================
2024-03-02 16:22:25 info: ======= ENV: development =======
2024-03-02 16:22:25 info: 🚀 App listening on the port 3000
2024-03-02 16:22:25 info: =================================
2024-03-02 16:22:51 info: =================================
2024-03-02 16:22:51 info: ======= ENV: development =======
2024-03-02 16:22:51 info: 🚀 App listening on the port 3000
2024-03-02 16:22:51 info: =================================
2024-03-02 16:23:32 info: =================================
2024-03-02 16:23:32 info: ======= ENV: development =======
2024-03-02 16:23:32 info: 🚀 App listening on the port 3000
2024-03-02 16:23:32 info: =================================
2024-03-02 16:23:42 info: =================================
2024-03-02 16:23:42 info: ======= ENV: development =======
2024-03-02 16:23:42 info: 🚀 App listening on the port 3000
2024-03-02 16:23:42 info: =================================
2024-03-02 16:23:58 info: =================================
2024-03-02 16:23:58 info: ======= ENV: development =======
2024-03-02 16:23:58 info: 🚀 App listening on the port 3000
2024-03-02 16:23:58 info: =================================
2024-03-02 16:31:59 info: =================================
2024-03-02 16:31:59 info: ======= ENV: development =======
2024-03-02 16:31:59 info: 🚀 App listening on the port 3000
2024-03-02 16:31:59 info: =================================
2024-03-02 16:32:01 info: [0mGET / [33m404[0m 4.562 ms - 139[0m
2024-03-02 16:32:02 info: [0mGET / [33m404[0m 1.455 ms - 139[0m
2024-03-02 16:32:04 info: [0mGET /users [32m200[0m 201.606 ms - 160[0m
2024-03-02 16:32:05 info: [0mGET /favicon.ico [33m404[0m 1.072 ms - 150[0m
2024-03-02 16:32:07 info: [0mGET /api-docs [36m301[0m 5.489 ms - 183[0m
2024-03-02 16:32:07 info: [0mGET /api-docs/ [32m200[0m 2.210 ms - -[0m
2024-03-02 16:32:07 info: [0mGET /api-docs/swagger-ui-init.js [32m200[0m 0.859 ms - -[0m
2024-03-02 16:32:07 info: [0mGET /api-docs/swagger-ui.css [32m200[0m 6.093 ms - -[0m
2024-03-02 16:32:07 info: [0mGET /api-docs/swagger-ui-standalone-preset.js [32m200[0m 5.566 ms - -[0m
2024-03-02 16:32:07 info: [0mGET /api-docs/swagger-ui-bundle.js [32m200[0m 5.983 ms - -[0m
2024-03-02 16:32:08 info: [0mGET /api-docs/favicon-32x32.png [32m200[0m 1.570 ms - 628[0m
2024-03-02 16:34:38 info: =================================
2024-03-02 16:34:38 info: ======= ENV: development =======
2024-03-02 16:34:38 info: 🚀 App listening on the port 3000
2024-03-02 16:34:38 info: =================================
2024-03-02 16:34:42 info: [0mGET /api-docs/ [36m304[0m 4.973 ms - -[0m
2024-03-02 16:34:42 info: [0mGET /api-docs/swagger-ui.css [36m304[0m 1.302 ms - -[0m
2024-03-02 16:34:42 info: [0mGET /api-docs/swagger-ui-bundle.js [36m304[0m 2.178 ms - -[0m
2024-03-02 16:34:42 info: [0mGET /api-docs/swagger-ui-standalone-preset.js [36m304[0m 2.335 ms - -[0m
2024-03-02 16:34:42 info: [0mGET /api-docs/swagger-ui-init.js [36m304[0m 0.511 ms - -[0m
2024-03-02 16:34:42 info: [0mGET /api-docs/favicon-32x32.png [36m304[0m 0.513 ms - -[0m
2024-03-02 16:34:43 info: [0mGET /api-docs/ [36m304[0m 1.717 ms - -[0m
2024-03-02 16:34:43 info: [0mGET /api-docs/swagger-ui.css [36m304[0m 1.424 ms - -[0m
2024-03-02 16:34:43 info: [0mGET /api-docs/swagger-ui-init.js [36m304[0m 0.820 ms - -[0m
2024-03-02 16:34:43 info: [0mGET /api-docs/swagger-ui-bundle.js [36m304[0m 7.494 ms - -[0m
2024-03-02 16:34:43 info: [0mGET /api-docs/swagger-ui-standalone-preset.js [36m304[0m 6.326 ms - -[0m
2024-03-02 16:34:43 info: [0mGET /api-docs/favicon-32x32.png [36m304[0m 0.569 ms - -[0m
2024-03-02 16:34:43 info: [0mGET /api-docs/ [36m304[0m 1.681 ms - -[0m
2024-03-02 16:34:43 info: [0mGET /api-docs/swagger-ui.css [36m304[0m 2.286 ms - -[0m
2024-03-02 16:34:43 info: [0mGET /api-docs/swagger-ui-bundle.js [36m304[0m 1.459 ms - -[0m
2024-03-02 16:34:43 info: [0mGET /api-docs/swagger-ui-init.js [36m304[0m 0.507 ms - -[0m
2024-03-02 16:34:43 info: [0mGET /api-docs/swagger-ui-standalone-preset.js [36m304[0m 2.687 ms - -[0m
2024-03-02 16:34:43 info: [0mGET /api-docs/favicon-32x32.png [36m304[0m 0.658 ms - -[0m
2024-03-02 16:34:44 info: [0mGET /api-docs/ [36m304[0m 1.561 ms - -[0m
2024-03-02 16:34:44 info: [0mGET /api-docs/swagger-ui.css [36m304[0m 1.225 ms - -[0m
2024-03-02 16:34:44 info: [0mGET /api-docs/swagger-ui-bundle.js [36m304[0m 1.570 ms - -[0m
2024-03-02 16:34:44 info: [0mGET /api-docs/swagger-ui-init.js [36m304[0m 0.577 ms - -[0m
2024-03-02 16:34:44 info: [0mGET /api-docs/swagger-ui-standalone-preset.js [36m304[0m 3.120 ms - -[0m
2024-03-02 16:34:44 info: [0mGET /api-docs/favicon-32x32.png [36m304[0m 0.837 ms - -[0m
2024-03-02 16:34:44 info: [0mGET /api-docs/ [36m304[0m 1.071 ms - -[0m
2024-03-02 16:34:44 info: [0mGET /api-docs/swagger-ui.css [36m304[0m 1.067 ms - -[0m
2024-03-02 16:34:44 info: [0mGET /api-docs/swagger-ui-init.js [36m304[0m 0.804 ms - -[0m
2024-03-02 16:34:44 info: [0mGET /api-docs/swagger-ui-bundle.js [36m304[0m 4.400 ms - -[0m
2024-03-02 16:34:44 info: [0mGET /api-docs/swagger-ui-standalone-preset.js [36m304[0m 4.299 ms - -[0m
2024-03-02 16:34:44 info: [0mGET /api-docs/favicon-32x32.png [36m304[0m 0.384 ms - -[0m
2024-03-02 16:34:44 info: [0mGET /api-docs/ [36m304[0m 0.475 ms - -[0m
2024-03-02 16:34:44 info: [0mGET /api-docs/swagger-ui.css [36m304[0m 0.429 ms - -[0m
2024-03-02 16:34:44 info: [0mGET /api-docs/swagger-ui-init.js [36m304[0m 0.477 ms - -[0m
2024-03-02 16:34:44 info: [0mGET /api-docs/swagger-ui-bundle.js [36m304[0m 2.733 ms - -[0m
2024-03-02 16:34:44 info: [0mGET /api-docs/swagger-ui-standalone-preset.js [36m304[0m 2.803 ms - -[0m
2024-03-02 16:34:44 info: [0mGET /api-docs/favicon-32x32.png [36m304[0m 0.379 ms - -[0m
2024-03-02 16:34:44 info: [0mGET /api-docs/ [36m304[0m 0.689 ms - -[0m
2024-03-02 16:34:44 info: [0mGET /api-docs/swagger-ui.css [36m304[0m 0.806 ms - -[0m
2024-03-02 16:34:44 info: [0mGET /api-docs/swagger-ui-init.js [36m304[0m 0.465 ms - -[0m
2024-03-02 16:34:44 info: [0mGET /api-docs/swagger-ui-bundle.js [36m304[0m 3.207 ms - -[0m
2024-03-02 16:34:44 info: [0mGET /api-docs/swagger-ui-standalone-preset.js [36m304[0m 3.326 ms - -[0m
2024-03-02 16:34:44 info: [0mGET /api-docs/favicon-32x32.png [36m304[0m 0.511 ms - -[0m
2024-03-02 16:34:44 info: [0mGET /api-docs/ [36m304[0m 0.507 ms - -[0m
2024-03-02 16:34:44 info: [0mGET /api-docs/swagger-ui.css [36m304[0m 0.514 ms - -[0m
2024-03-02 16:34:44 info: [0mGET /api-docs/swagger-ui-init.js [36m304[0m 0.287 ms - -[0m
2024-03-02 16:34:44 info: [0mGET /api-docs/swagger-ui-bundle.js [36m304[0m 1.936 ms - -[0m
2024-03-02 16:34:44 info: [0mGET /api-docs/swagger-ui-standalone-preset.js [36m304[0m 2.024 ms - -[0m
2024-03-02 16:34:44 info: [0mGET /api-docs/favicon-32x32.png [36m304[0m 0.555 ms - -[0m
2024-03-02 16:34:44 info: [0mGET /api-docs/ [36m304[0m 0.607 ms - -[0m
2024-03-02 16:34:45 info: [0mGET /api-docs/swagger-ui.css [36m304[0m 0.528 ms - -[0m
2024-03-02 16:34:45 info: [0mGET /api-docs/swagger-ui-bundle.js [36m304[0m 2.094 ms - -[0m
2024-03-02 16:34:45 info: [0mGET /api-docs/swagger-ui-standalone-preset.js [36m304[0m 2.055 ms - -[0m
2024-03-02 16:34:45 info: [0mGET /api-docs/swagger-ui-init.js [36m304[0m 0.447 ms - -[0m
2024-03-02 16:34:45 info: [0mGET /api-docs/favicon-32x32.png [36m304[0m 0.476 ms - -[0m
2024-03-02 16:34:45 info: [0mGET /api-docs/ [36m304[0m 0.950 ms - -[0m
2024-03-02 16:34:45 info: [0mGET /api-docs/swagger-ui.css [36m304[0m 0.596 ms - -[0m
2024-03-02 16:34:45 info: [0mGET /api-docs/swagger-ui-bundle.js [36m304[0m 0.636 ms - -[0m
2024-03-02 16:34:45 info: [0mGET /api-docs/swagger-ui-standalone-preset.js [36m304[0m 0.708 ms - -[0m
2024-03-02 16:34:45 info: [0mGET /api-docs/swagger-ui-init.js [36m304[0m 0.490 ms - -[0m
2024-03-02 16:34:45 info: [0mGET /api-docs/favicon-32x32.png [36m304[0m 0.635 ms - -[0m
2024-03-02 16:34:45 info: [0mGET /api-docs/ [36m304[0m 0.472 ms - -[0m
2024-03-02 16:34:45 info: [0mGET /api-docs/swagger-ui.css [36m304[0m 0.829 ms - -[0m
2024-03-02 16:34:45 info: [0mGET /api-docs/swagger-ui-init.js [36m304[0m 0.607 ms - -[0m
2024-03-02 16:34:45 info: [0mGET /api-docs/swagger-ui-bundle.js [36m304[0m 3.446 ms - -[0m
2024-03-02 16:34:45 info: [0mGET /api-docs/swagger-ui-standalone-preset.js [36m304[0m 3.648 ms - -[0m
2024-03-02 16:34:45 info: [0mGET /api-docs/favicon-32x32.png [36m304[0m 0.437 ms - -[0m
2024-03-02 16:35:04 info: =================================
2024-03-02 16:35:04 info: ======= ENV: development =======
2024-03-02 16:35:04 info: 🚀 App listening on the port 3000
2024-03-02 16:35:04 info: =================================
2024-03-02 16:35:06 info: [0mGET /api-docs/ [36m304[0m 5.839 ms - -[0m
2024-03-02 16:35:06 info: [0mGET /api-docs/swagger-ui.css [36m304[0m 6.094 ms - -[0m
2024-03-02 16:35:06 info: [0mGET /api-docs/swagger-ui-bundle.js [36m304[0m 6.398 ms - -[0m
2024-03-02 16:35:06 info: [0mGET /api-docs/swagger-ui-init.js [36m304[0m 0.844 ms - -[0m
2024-03-02 16:35:06 info: [0mGET /api-docs/swagger-ui-standalone-preset.js [36m304[0m 4.495 ms - -[0m
2024-03-02 16:35:06 info: [0mGET /api-docs/favicon-32x32.png [36m304[0m 0.574 ms - -[0m
2024-03-02 16:35:07 info: [0mGET /api-docs/ [36m304[0m 1.712 ms - -[0m
2024-03-02 16:35:07 info: [0mGET /api-docs/swagger-ui.css [36m304[0m 1.079 ms - -[0m
2024-03-02 16:35:07 info: [0mGET /api-docs/swagger-ui-init.js [36m304[0m 0.915 ms - -[0m
2024-03-02 16:35:07 info: [0mGET /api-docs/swagger-ui-bundle.js [36m304[0m 7.262 ms - -[0m
2024-03-02 16:35:07 info: [0mGET /api-docs/swagger-ui-standalone-preset.js [36m304[0m 6.831 ms - -[0m
2024-03-02 16:35:07 info: [0mGET /api-docs/favicon-32x32.png [36m304[0m 0.493 ms - -[0m
2024-03-02 16:35:07 info: [0mGET /api-docs/ [36m304[0m 1.056 ms - -[0m
2024-03-02 16:35:07 info: [0mGET /api-docs/swagger-ui.css [36m304[0m 1.358 ms - -[0m
2024-03-02 16:35:07 info: [0mGET /api-docs/swagger-ui-init.js [36m304[0m 0.237 ms - -[0m
2024-03-02 16:35:07 info: [0mGET /api-docs/swagger-ui-bundle.js [36m304[0m 1.972 ms - -[0m
2024-03-02 16:35:07 info: [0mGET /api-docs/swagger-ui-standalone-preset.js [36m304[0m 2.174 ms - -[0m
2024-03-02 16:35:08 info: [0mGET /api-docs/favicon-32x32.png [36m304[0m 0.939 ms - -[0m
2024-03-02 16:35:08 info: [0mGET /api-docs/ [36m304[0m 0.952 ms - -[0m
2024-03-02 16:35:08 info: [0mGET /api-docs/swagger-ui.css [36m304[0m 0.915 ms - -[0m
2024-03-02 16:35:08 info: [0mGET /api-docs/swagger-ui-init.js [36m304[0m 0.602 ms - -[0m
2024-03-02 16:35:08 info: [0mGET /api-docs/swagger-ui-bundle.js [36m304[0m 4.231 ms - -[0m
2024-03-02 16:35:08 info: [0mGET /api-docs/swagger-ui-standalone-preset.js [36m304[0m 4.745 ms - -[0m
2024-03-02 16:35:08 info: [0mGET /api-docs/favicon-32x32.png [36m304[0m 0.407 ms - -[0m
2024-03-02 16:35:08 info: [0mGET /api-docs/ [36m304[0m 0.933 ms - -[0m
2024-03-02 16:35:08 info: [0mGET /api-docs/swagger-ui.css [36m304[0m 0.402 ms - -[0m
2024-03-02 16:35:08 info: [0mGET /api-docs/swagger-ui-init.js [36m304[0m 0.374 ms - -[0m
2024-03-02 16:35:08 info: [0mGET /api-docs/swagger-ui-bundle.js [36m304[0m 2.238 ms - -[0m
2024-03-02 16:35:08 info: [0mGET /api-docs/swagger-ui-standalone-preset.js [36m304[0m 2.519 ms - -[0m
2024-03-02 16:35:08 info: [0mGET /api-docs/favicon-32x32.png [36m304[0m 0.410 ms - -[0m
2024-03-02 16:35:08 info: [0mGET /api-docs/ [36m304[0m 0.490 ms - -[0m
2024-03-02 16:35:08 info: [0mGET /api-docs/swagger-ui.css [36m304[0m 0.701 ms - -[0m
2024-03-02 16:35:08 info: [0mGET /api-docs/swagger-ui-init.js [36m304[0m 0.439 ms - -[0m
2024-03-02 16:35:08 info: [0mGET /api-docs/swagger-ui-bundle.js [36m304[0m 2.625 ms - -[0m
2024-03-02 16:35:08 info: [0mGET /api-docs/swagger-ui-standalone-preset.js [36m304[0m 3.054 ms - -[0m
2024-03-02 16:35:08 info: [0mGET /api-docs/favicon-32x32.png [36m304[0m 0.408 ms - -[0m
2024-03-02 16:35:08 info: [0mGET /api-docs/ [36m304[0m 0.721 ms - -[0m
2024-03-02 16:35:08 info: [0mGET /api-docs/swagger-ui.css [36m304[0m 0.514 ms - -[0m
2024-03-02 16:35:08 info: [0mGET /api-docs/swagger-ui-init.js [36m304[0m 0.567 ms - -[0m
2024-03-02 16:35:08 info: [0mGET /api-docs/swagger-ui-bundle.js [36m304[0m 3.184 ms - -[0m
2024-03-02 16:35:08 info: [0mGET /api-docs/swagger-ui-standalone-preset.js [36m304[0m 3.149 ms - -[0m
2024-03-02 16:35:08 info: [0mGET /api-docs/favicon-32x32.png [36m304[0m 0.665 ms - -[0m
2024-03-02 16:36:13 info: =================================
2024-03-02 16:36:13 info: ======= ENV: development =======
2024-03-02 16:36:13 info: 🚀 App listening on the port 3000
2024-03-02 16:36:13 info: =================================
2024-03-02 16:36:24 info: [0mGET /api-docs/ [36m304[0m 9.475 ms - -[0m
2024-03-02 16:36:24 info: [0mGET /api-docs/swagger-ui.css [36m304[0m 2.180 ms - -[0m
2024-03-02 16:36:24 info: [0mGET /api-docs/swagger-ui-bundle.js [36m304[0m 0.771 ms - -[0m
2024-03-02 16:36:24 info: [0mGET /api-docs/swagger-ui-init.js [36m304[0m 0.690 ms - -[0m
2024-03-02 16:36:24 info: [0mGET /api-docs/swagger-ui-standalone-preset.js [36m304[0m 0.803 ms - -[0m
2024-03-02 16:36:24 info: [0mGET /api-docs/favicon-32x32.png [36m304[0m 0.521 ms - -[0m
2024-03-02 16:36:25 info: [0mGET /api-docs/ [36m304[0m 1.858 ms - -[0m
2024-03-02 16:36:25 info: [0mGET /api-docs/swagger-ui.css [36m304[0m 3.812 ms - -[0m
2024-03-02 16:36:25 info: [0mGET /api-docs/swagger-ui-bundle.js [36m304[0m 4.120 ms - -[0m
2024-03-02 16:36:25 info: [0mGET /api-docs/swagger-ui-standalone-preset.js [36m304[0m 2.420 ms - -[0m
2024-03-02 16:36:25 info: [0mGET /api-docs/swagger-ui-init.js [36m304[0m 0.664 ms - -[0m
2024-03-02 16:36:25 info: [0mGET /api-docs/favicon-32x32.png [36m304[0m 0.488 ms - -[0m
2024-03-02 17:00:50 info: =================================
2024-03-02 17:00:50 info: ======= ENV: development =======
2024-03-02 17:00:50 info: 🚀 App listening on the port 3000
2024-03-02 17:00:50 info: =================================
2024-03-02 17:00:53 info: [0mGET /api-docs/ [36m304[0m 12.573 ms - -[0m
2024-03-02 17:00:53 info: [0mGET /api-docs/swagger-ui.css [36m304[0m 1.761 ms - -[0m
2024-03-02 17:00:53 info: [0mGET /api-docs/swagger-ui-bundle.js [36m304[0m 4.002 ms - -[0m
2024-03-02 17:00:53 info: [0mGET /api-docs/swagger-ui-standalone-preset.js [36m304[0m 3.997 ms - -[0m
2024-03-02 17:00:53 info: [0mGET /api-docs/swagger-ui-init.js [32m200[0m 4.213 ms - -[0m
2024-03-02 17:00:53 info: [0mGET /api-docs/favicon-32x32.png [36m304[0m 0.729 ms - -[0m
2024-03-02 20:37:58 info: =================================
2024-03-02 20:37:58 info: ======= ENV: development =======
2024-03-02 20:37:58 info: 🚀 App listening on the port 3000
2024-03-02 20:37:58 info: =================================
2024-03-02 20:38:18 info: [0mGET /users [31m500[0m 46.280 ms - 21[0m
2024-03-02 20:39:48 info: =================================
2024-03-02 20:39:48 info: ======= ENV: development =======
2024-03-02 20:39:48 info: 🚀 App listening on the port 3000
2024-03-02 20:39:48 info: =================================
2024-03-02 20:40:03 info: [0mGET /users [31m500[0m 35.103 ms - 21[0m
2024-03-02 20:45:22 info: =================================
2024-03-02 20:45:22 info: ======= ENV: development =======
2024-03-02 20:45:22 info: 🚀 App listening on the port 3000
2024-03-02 20:45:22 info: =================================
2024-03-02 20:46:48 info: =================================
2024-03-02 20:46:48 info: ======= ENV: development =======
2024-03-02 20:46:48 info: 🚀 App listening on the port 3000
2024-03-02 20:46:48 info: =================================
2024-03-02 20:46:51 info: [0mGET /users [31m500[0m 22.751 ms - 21[0m
2024-03-02 20:50:17 info: =================================
2024-03-02 20:50:17 info: ======= ENV: development =======
2024-03-02 20:50:17 info: 🚀 App listening on the port 3000
2024-03-02 20:50:17 info: =================================
2024-03-02 20:50:20 info: [0mGET /users [31m500[0m 22.118 ms - 21[0m
2024-03-02 20:50:42 info: =================================
2024-03-02 20:50:42 info: ======= ENV: development =======
2024-03-02 20:50:42 info: 🚀 App listening on the port 3000
2024-03-02 20:50:42 info: =================================
2024-03-02 20:50:45 info: [0mGET /users [31m500[0m 21.868 ms - 21[0m
2024-03-02 20:53:21 info: =================================
2024-03-02 20:53:21 info: ======= ENV: development =======
2024-03-02 20:53:21 info: 🚀 App listening on the port 3000
2024-03-02 20:53:21 info: =================================
2024-03-02 20:53:23 info: [0mGET /users [31m500[0m 37.054 ms - 21[0m
2024-03-02 20:54:11 info: =================================
2024-03-02 20:54:11 info: ======= ENV: development =======
2024-03-02 20:54:11 info: 🚀 App listening on the port 3000
2024-03-02 20:54:11 info: =================================
2024-03-02 20:54:13 info: [0mGET /users [31m500[0m 37.286 ms - 21[0m
2024-03-02 20:55:48 info: =================================
2024-03-02 20:55:48 info: ======= ENV: development =======
2024-03-02 20:55:48 info: 🚀 App listening on the port 3000
2024-03-02 20:55:48 info: =================================
2024-03-02 20:55:49 info: [0mGET /users [31m500[0m 29.033 ms - 21[0m
2024-03-02 20:59:26 info: =================================
2024-03-02 20:59:26 info: ======= ENV: development =======
2024-03-02 20:59:26 info: 🚀 App listening on the port 3000
2024-03-02 20:59:26 info: =================================
2024-03-02 20:59:28 info: [0mGET /users [31m500[0m 21.576 ms - 21[0m
2024-03-02 20:59:51 info: =================================
2024-03-02 20:59:51 info: ======= ENV: development =======
2024-03-02 20:59:51 info: 🚀 App listening on the port 3000
2024-03-02 20:59:51 info: =================================
2024-03-02 20:59:54 info: [0mGET /users [31m500[0m 36.302 ms - 21[0m
2024-03-02 21:00:30 info: =================================
2024-03-02 21:00:30 info: ======= ENV: development =======
2024-03-02 21:00:30 info: 🚀 App listening on the port 3000
2024-03-02 21:00:30 info: =================================
2024-03-02 21:00:33 info: [0mGET /users [31m500[0m 11.916 ms - 21[0m
2024-03-02 21:01:55 info: =================================
2024-03-02 21:01:55 info: ======= ENV: development =======
2024-03-02 21:01:55 info: 🚀 App listening on the port 3000
2024-03-02 21:01:55 info: =================================
2024-03-02 21:01:57 info: [0mGET /users [31m500[0m 25.211 ms - 21[0m
