2024-03-06 00:06:11 error: uncaughtException: Test
Error: Test
    at _classThis.<anonymous> (file:///home/bruno/Desktop/private/dev/typescript/monorepo-mern-railway-starter/packages/backend/src/controllers/UserController.ts:16:11)
    at Generator.next (<anonymous>)
    at fulfilled (file:///home/bruno/Desktop/private/dev/typescript/monorepo-mern-railway-starter/packages/backend/dist/controllers/UserController.js:38:58)
    at processTicksAndRejections (node:internal/process/task_queues:95:5)
2024-03-06 00:07:47 error: uncaughtException: Test
Error: Test
    at _classThis.<anonymous> (file:///home/bruno/Desktop/private/dev/typescript/monorepo-mern-railway-starter/packages/backend/src/controllers/UserController.ts:16:11)
    at Generator.next (<anonymous>)
    at fulfilled (file:///home/bruno/Desktop/private/dev/typescript/monorepo-mern-railway-starter/packages/backend/dist/controllers/UserController.js:38:58)
    at processTicksAndRejections (node:internal/process/task_queues:95:5)
2024-03-06 00:08:21 error: uncaughtException: Test
Error: Test
    at _classThis.<anonymous> (file:///home/bruno/Desktop/private/dev/typescript/monorepo-mern-railway-starter/packages/backend/src/controllers/UserController.ts:16:11)
    at Generator.next (<anonymous>)
    at fulfilled (file:///home/bruno/Desktop/private/dev/typescript/monorepo-mern-railway-starter/packages/backend/dist/controllers/UserController.js:38:58)
    at processTicksAndRejections (node:internal/process/task_queues:95:5)
2024-03-06 00:10:04 error: uncaughtException: Test
Error: Test
    at _classThis.<anonymous> (file:///home/bruno/Desktop/private/dev/typescript/monorepo-mern-railway-starter/packages/backend/src/controllers/UserController.ts:15:11)
    at Generator.next (<anonymous>)
    at file:///home/bruno/Desktop/private/dev/typescript/monorepo-mern-railway-starter/packages/backend/dist/controllers/UserController.js:41:71
    at new Promise (<anonymous>)
    at __awaiter (file:///home/bruno/Desktop/private/dev/typescript/monorepo-mern-railway-starter/packages/backend/dist/controllers/UserController.js:37:12)
    at _classThis.findAll (file:///home/bruno/Desktop/private/dev/typescript/monorepo-mern-railway-starter/packages/backend/dist/controllers/UserController.js:66:20)
    at handler (file:///home/bruno/Desktop/private/dev/typescript/monorepo-mern-railway-starter/packages/backend/src/decorators/Route.ts:50:23)
    at Layer.handle [as handle_request] (/home/bruno/Desktop/private/dev/typescript/monorepo-mern-railway-starter/node_modules/.pnpm/express@4.18.2/node_modules/express/lib/router/layer.js:95:5)
    at next (/home/bruno/Desktop/private/dev/typescript/monorepo-mern-railway-starter/node_modules/.pnpm/express@4.18.2/node_modules/express/lib/router/route.js:144:13)
    at Route.dispatch (/home/bruno/Desktop/private/dev/typescript/monorepo-mern-railway-starter/node_modules/.pnpm/express@4.18.2/node_modules/express/lib/router/route.js:114:3)
