2024-03-05 18:44:34 error: uncaughtException: listen EADDRINUSE: address already in use :::3000
Error: listen EADDRINUSE: address already in use :::3000
    at Server.setupListenHandle [as _listen2] (node:net:1740:16)
    at listenInCluster (node:net:1788:12)
    at Server.listen (node:net:1876:7)
    at Function.listen (/home/bruno/Desktop/private/dev/typescript/monorepo-mern-railway-starter/node_modules/.pnpm/express@4.18.2/node_modules/express/lib/application.js:635:24)
    at App.listen (file:///home/bruno/Desktop/private/dev/typescript/monorepo-mern-railway-starter/packages/backend/src/App.ts:34:14)
    at file:///home/bruno/Desktop/private/dev/typescript/monorepo-mern-railway-starter/packages/backend/src/index.ts:15:5
    at ModuleJob.run (node:internal/modules/esm/module_job:194:25)
2024-03-05 18:45:19 error: uncaughtException: Cannot read properties of undefined (reading 'dependencies')
TypeError: Cannot read properties of undefined (reading 'dependencies')
    at file:///home/bruno/Desktop/private/dev/typescript/monorepo-mern-railway-starter/packages/backend/src/config/bottlejs.config.ts:37:38
    at Array.reduce (<anonymous>)
    at initializeDI2 (file:///home/bruno/Desktop/private/dev/typescript/monorepo-mern-railway-starter/packages/backend/src/config/bottlejs.config.ts:35:69)
    at file:///home/bruno/Desktop/private/dev/typescript/monorepo-mern-railway-starter/packages/backend/src/index.ts:7:1
    at ModuleJob.run (node:internal/modules/esm/module_job:194:25)
2024-03-05 18:45:38 error: uncaughtException: Cannot read properties of undefined (reading 'dependencies')
TypeError: Cannot read properties of undefined (reading 'dependencies')
    at file:///home/bruno/Desktop/private/dev/typescript/monorepo-mern-railway-starter/packages/backend/src/config/bottlejs.config.ts:37:38
    at Array.reduce (<anonymous>)
    at initializeDI2 (file:///home/bruno/Desktop/private/dev/typescript/monorepo-mern-railway-starter/packages/backend/src/config/bottlejs.config.ts:35:69)
    at file:///home/bruno/Desktop/private/dev/typescript/monorepo-mern-railway-starter/packages/backend/src/index.ts:7:1
    at ModuleJob.run (node:internal/modules/esm/module_job:194:25)
2024-03-05 18:47:14 error: uncaughtException: Cannot read properties of undefined (reading 'dependencies')
TypeError: Cannot read properties of undefined (reading 'dependencies')
    at file:///home/bruno/Desktop/private/dev/typescript/monorepo-mern-railway-starter/packages/backend/src/config/bottlejs.config.ts:37:38
    at Array.reduce (<anonymous>)
    at initializeDI2 (file:///home/bruno/Desktop/private/dev/typescript/monorepo-mern-railway-starter/packages/backend/src/config/bottlejs.config.ts:35:69)
    at file:///home/bruno/Desktop/private/dev/typescript/monorepo-mern-railway-starter/packages/backend/src/index.ts:7:1
    at ModuleJob.run (node:internal/modules/esm/module_job:194:25)
2024-03-05 18:47:37 error: uncaughtException: Cannot read properties of undefined (reading 'dependencies')
TypeError: Cannot read properties of undefined (reading 'dependencies')
    at file:///home/bruno/Desktop/private/dev/typescript/monorepo-mern-railway-starter/packages/backend/src/config/bottlejs.config.ts:37:38
    at Array.reduce (<anonymous>)
    at initializeDI2 (file:///home/bruno/Desktop/private/dev/typescript/monorepo-mern-railway-starter/packages/backend/src/config/bottlejs.config.ts:35:69)
    at file:///home/bruno/Desktop/private/dev/typescript/monorepo-mern-railway-starter/packages/backend/src/index.ts:11:1
    at ModuleJob.run (node:internal/modules/esm/module_job:194:25)
2024-03-05 18:48:38 error: uncaughtException: Cannot read properties of undefined (reading 'dependencies')
TypeError: Cannot read properties of undefined (reading 'dependencies')
    at file:///home/bruno/Desktop/private/dev/typescript/monorepo-mern-railway-starter/packages/backend/src/config/bottlejs.config.ts:37:38
    at Array.reduce (<anonymous>)
    at initializeDI2 (file:///home/bruno/Desktop/private/dev/typescript/monorepo-mern-railway-starter/packages/backend/src/config/bottlejs.config.ts:35:69)
    at file:///home/bruno/Desktop/private/dev/typescript/monorepo-mern-railway-starter/packages/backend/src/index.ts:11:1
    at ModuleJob.run (node:internal/modules/esm/module_job:194:25)
2024-03-05 19:36:46 error: uncaughtException: Cannot read properties of undefined (reading 'findAll')
TypeError: Cannot read properties of undefined (reading 'findAll')
    at _classThis.endpoints (file:///home/bruno/Desktop/private/dev/typescript/monorepo-mern-railway-starter/packages/backend/src/routes/impl/UserRoute.ts:22:38)
    at _classThis.setupEndpoints (file:///home/bruno/Desktop/private/dev/typescript/monorepo-mern-railway-starter/packages/backend/src/routes/Route.ts:46:10)
    at file:///home/bruno/Desktop/private/dev/typescript/monorepo-mern-railway-starter/packages/backend/src/App.ts:68:13
    at Array.forEach (<anonymous>)
    at App.initializeRoutes (file:///home/bruno/Desktop/private/dev/typescript/monorepo-mern-railway-starter/packages/backend/src/App.ts:67:12)
    at new App (file:///home/bruno/Desktop/private/dev/typescript/monorepo-mern-railway-starter/packages/backend/src/App.ts:28:10)
    at file:///home/bruno/Desktop/private/dev/typescript/monorepo-mern-railway-starter/packages/backend/src/index.ts:16:13
    at ModuleJob.run (node:internal/modules/esm/module_job:194:25)
2024-03-05 19:37:01 error: uncaughtException: Cannot read properties of undefined (reading 'findAll')
TypeError: Cannot read properties of undefined (reading 'findAll')
    at _classThis.endpoints (file:///home/bruno/Desktop/private/dev/typescript/monorepo-mern-railway-starter/packages/backend/src/routes/impl/UserRoute.ts:22:38)
    at _classThis.setupEndpoints (file:///home/bruno/Desktop/private/dev/typescript/monorepo-mern-railway-starter/packages/backend/src/routes/Route.ts:46:10)
    at file:///home/bruno/Desktop/private/dev/typescript/monorepo-mern-railway-starter/packages/backend/src/App.ts:68:13
    at Array.forEach (<anonymous>)
    at App.initializeRoutes (file:///home/bruno/Desktop/private/dev/typescript/monorepo-mern-railway-starter/packages/backend/src/App.ts:67:12)
    at new App (file:///home/bruno/Desktop/private/dev/typescript/monorepo-mern-railway-starter/packages/backend/src/App.ts:28:10)
    at file:///home/bruno/Desktop/private/dev/typescript/monorepo-mern-railway-starter/packages/backend/src/index.ts:16:13
    at ModuleJob.run (node:internal/modules/esm/module_job:194:25)
2024-03-05 19:37:26 error: uncaughtException: Cannot read properties of undefined (reading 'findAll')
TypeError: Cannot read properties of undefined (reading 'findAll')
    at _classThis.endpoints (file:///home/bruno/Desktop/private/dev/typescript/monorepo-mern-railway-starter/packages/backend/src/routes/impl/UserRoute.ts:22:38)
    at _classThis.setupEndpoints (file:///home/bruno/Desktop/private/dev/typescript/monorepo-mern-railway-starter/packages/backend/src/routes/Route.ts:46:10)
    at file:///home/bruno/Desktop/private/dev/typescript/monorepo-mern-railway-starter/packages/backend/src/App.ts:68:13
    at Array.forEach (<anonymous>)
    at App.initializeRoutes (file:///home/bruno/Desktop/private/dev/typescript/monorepo-mern-railway-starter/packages/backend/src/App.ts:67:12)
    at new App (file:///home/bruno/Desktop/private/dev/typescript/monorepo-mern-railway-starter/packages/backend/src/App.ts:28:10)
    at file:///home/bruno/Desktop/private/dev/typescript/monorepo-mern-railway-starter/packages/backend/src/index.ts:16:13
    at ModuleJob.run (node:internal/modules/esm/module_job:194:25)
2024-03-05 19:37:50 error: uncaughtException: Cannot read properties of undefined (reading 'findAll')
TypeError: Cannot read properties of undefined (reading 'findAll')
    at _classThis.endpoints (file:///home/bruno/Desktop/private/dev/typescript/monorepo-mern-railway-starter/packages/backend/src/routes/impl/UserRoute.ts:22:38)
    at _classThis.setupEndpoints (file:///home/bruno/Desktop/private/dev/typescript/monorepo-mern-railway-starter/packages/backend/src/routes/Route.ts:46:10)
    at file:///home/bruno/Desktop/private/dev/typescript/monorepo-mern-railway-starter/packages/backend/src/App.ts:68:13
    at Array.forEach (<anonymous>)
    at App.initializeRoutes (file:///home/bruno/Desktop/private/dev/typescript/monorepo-mern-railway-starter/packages/backend/src/App.ts:67:12)
    at new App (file:///home/bruno/Desktop/private/dev/typescript/monorepo-mern-railway-starter/packages/backend/src/App.ts:28:10)
    at file:///home/bruno/Desktop/private/dev/typescript/monorepo-mern-railway-starter/packages/backend/src/index.ts:16:13
    at ModuleJob.run (node:internal/modules/esm/module_job:194:25)
2024-03-05 19:38:55 error: uncaughtException: Cannot read properties of undefined (reading 'findAll')
TypeError: Cannot read properties of undefined (reading 'findAll')
    at _classThis.endpoints (file:///home/bruno/Desktop/private/dev/typescript/monorepo-mern-railway-starter/packages/backend/src/routes/impl/UserRoute.ts:22:38)
    at _classThis.setupEndpoints (file:///home/bruno/Desktop/private/dev/typescript/monorepo-mern-railway-starter/packages/backend/src/routes/Route.ts:46:10)
    at file:///home/bruno/Desktop/private/dev/typescript/monorepo-mern-railway-starter/packages/backend/src/App.ts:68:13
    at Array.forEach (<anonymous>)
    at App.initializeRoutes (file:///home/bruno/Desktop/private/dev/typescript/monorepo-mern-railway-starter/packages/backend/src/App.ts:67:12)
    at new App (file:///home/bruno/Desktop/private/dev/typescript/monorepo-mern-railway-starter/packages/backend/src/App.ts:28:10)
    at file:///home/bruno/Desktop/private/dev/typescript/monorepo-mern-railway-starter/packages/backend/src/index.ts:16:13
    at ModuleJob.run (node:internal/modules/esm/module_job:194:25)
2024-03-05 19:41:26 error: uncaughtException: Cannot read properties of undefined (reading 'findAll')
TypeError: Cannot read properties of undefined (reading 'findAll')
    at _classThis.endpoints (file:///home/bruno/Desktop/private/dev/typescript/monorepo-mern-railway-starter/packages/backend/src/routes/impl/UserRoute.ts:22:38)
    at _classThis.setupEndpoints (file:///home/bruno/Desktop/private/dev/typescript/monorepo-mern-railway-starter/packages/backend/src/routes/Route.ts:46:10)
    at file:///home/bruno/Desktop/private/dev/typescript/monorepo-mern-railway-starter/packages/backend/src/App.ts:68:13
    at Array.forEach (<anonymous>)
    at App.initializeRoutes (file:///home/bruno/Desktop/private/dev/typescript/monorepo-mern-railway-starter/packages/backend/src/App.ts:67:12)
    at new App (file:///home/bruno/Desktop/private/dev/typescript/monorepo-mern-railway-starter/packages/backend/src/App.ts:28:10)
    at file:///home/bruno/Desktop/private/dev/typescript/monorepo-mern-railway-starter/packages/backend/src/index.ts:16:13
    at ModuleJob.run (node:internal/modules/esm/module_job:194:25)
2024-03-05 19:42:27 error: uncaughtException: Cannot read properties of undefined (reading 'findAll')
TypeError: Cannot read properties of undefined (reading 'findAll')
    at _classThis.endpoints (file:///home/bruno/Desktop/private/dev/typescript/monorepo-mern-railway-starter/packages/backend/src/routes/impl/UserRoute.ts:22:38)
    at _classThis.setupEndpoints (file:///home/bruno/Desktop/private/dev/typescript/monorepo-mern-railway-starter/packages/backend/src/routes/Route.ts:46:10)
    at file:///home/bruno/Desktop/private/dev/typescript/monorepo-mern-railway-starter/packages/backend/src/App.ts:68:13
    at Array.forEach (<anonymous>)
    at App.initializeRoutes (file:///home/bruno/Desktop/private/dev/typescript/monorepo-mern-railway-starter/packages/backend/src/App.ts:67:12)
    at new App (file:///home/bruno/Desktop/private/dev/typescript/monorepo-mern-railway-starter/packages/backend/src/App.ts:28:10)
    at file:///home/bruno/Desktop/private/dev/typescript/monorepo-mern-railway-starter/packages/backend/src/index.ts:16:13
    at ModuleJob.run (node:internal/modules/esm/module_job:194:25)
2024-03-05 19:42:47 error: uncaughtException: Cannot read properties of undefined (reading 'findAll')
TypeError: Cannot read properties of undefined (reading 'findAll')
    at _classThis.endpoints (file:///home/bruno/Desktop/private/dev/typescript/monorepo-mern-railway-starter/packages/backend/src/routes/impl/UserRoute.ts:22:38)
    at _classThis.setupEndpoints (file:///home/bruno/Desktop/private/dev/typescript/monorepo-mern-railway-starter/packages/backend/src/routes/Route.ts:46:10)
    at file:///home/bruno/Desktop/private/dev/typescript/monorepo-mern-railway-starter/packages/backend/src/App.ts:68:13
    at Array.forEach (<anonymous>)
    at App.initializeRoutes (file:///home/bruno/Desktop/private/dev/typescript/monorepo-mern-railway-starter/packages/backend/src/App.ts:67:12)
    at new App (file:///home/bruno/Desktop/private/dev/typescript/monorepo-mern-railway-starter/packages/backend/src/App.ts:28:10)
    at file:///home/bruno/Desktop/private/dev/typescript/monorepo-mern-railway-starter/packages/backend/src/index.ts:16:13
    at ModuleJob.run (node:internal/modules/esm/module_job:194:25)
2024-03-05 19:44:21 error: uncaughtException: Cannot read properties of undefined (reading 'findAll')
TypeError: Cannot read properties of undefined (reading 'findAll')
    at _classThis.endpoints (file:///home/bruno/Desktop/private/dev/typescript/monorepo-mern-railway-starter/packages/backend/src/routes/impl/UserRoute.ts:22:38)
    at _classThis.setupEndpoints (file:///home/bruno/Desktop/private/dev/typescript/monorepo-mern-railway-starter/packages/backend/src/routes/Route.ts:46:10)
    at file:///home/bruno/Desktop/private/dev/typescript/monorepo-mern-railway-starter/packages/backend/src/App.ts:68:13
    at Array.forEach (<anonymous>)
    at App.initializeRoutes (file:///home/bruno/Desktop/private/dev/typescript/monorepo-mern-railway-starter/packages/backend/src/App.ts:67:12)
    at new App (file:///home/bruno/Desktop/private/dev/typescript/monorepo-mern-railway-starter/packages/backend/src/App.ts:28:10)
    at file:///home/bruno/Desktop/private/dev/typescript/monorepo-mern-railway-starter/packages/backend/src/index.ts:16:13
    at ModuleJob.run (node:internal/modules/esm/module_job:194:25)
2024-03-05 19:44:58 error: uncaughtException: Route.get() requires a callback function but got a [object Undefined]
Error: Route.get() requires a callback function but got a [object Undefined]
    at Route.<computed> [as get] (/home/bruno/Desktop/private/dev/typescript/monorepo-mern-railway-starter/node_modules/.pnpm/express@4.18.2/node_modules/express/lib/router/route.js:211:15)
    at Function.proto.<computed> [as get] (/home/bruno/Desktop/private/dev/typescript/monorepo-mern-railway-starter/node_modules/.pnpm/express@4.18.2/node_modules/express/lib/router/index.js:521:19)
    at file:///home/bruno/Desktop/private/dev/typescript/monorepo-mern-railway-starter/packages/backend/src/routes/Route.ts:50:26
    at Array.forEach (<anonymous>)
    at _classThis.setupEndpoints (file:///home/bruno/Desktop/private/dev/typescript/monorepo-mern-railway-starter/packages/backend/src/routes/Route.ts:46:22)
    at file:///home/bruno/Desktop/private/dev/typescript/monorepo-mern-railway-starter/packages/backend/src/App.ts:68:13
    at Array.forEach (<anonymous>)
    at App.initializeRoutes (file:///home/bruno/Desktop/private/dev/typescript/monorepo-mern-railway-starter/packages/backend/src/App.ts:67:12)
    at new App (file:///home/bruno/Desktop/private/dev/typescript/monorepo-mern-railway-starter/packages/backend/src/App.ts:28:10)
    at file:///home/bruno/Desktop/private/dev/typescript/monorepo-mern-railway-starter/packages/backend/src/index.ts:16:13
2024-03-05 21:40:38 error: uncaughtException: Cannot read properties of undefined (reading 'findAll')
TypeError: Cannot read properties of undefined (reading 'findAll')
    at file:///home/bruno/Desktop/private/dev/typescript/monorepo-mern-railway-starter/packages/backend/src/index.ts:15:16
    at ModuleJob.run (node:internal/modules/esm/module_job:194:25)
2024-03-05 21:41:39 error: uncaughtException: Cannot read properties of undefined (reading 'findAll')
TypeError: Cannot read properties of undefined (reading 'findAll')
    at file:///home/bruno/Desktop/private/dev/typescript/monorepo-mern-railway-starter/packages/backend/src/index.ts:15:16
    at ModuleJob.run (node:internal/modules/esm/module_job:194:25)
2024-03-05 21:43:04 error: uncaughtException: Cannot read properties of undefined (reading 'findAll')
TypeError: Cannot read properties of undefined (reading 'findAll')
    at file:///home/bruno/Desktop/private/dev/typescript/monorepo-mern-railway-starter/packages/backend/src/index.ts:15:16
    at ModuleJob.run (node:internal/modules/esm/module_job:194:25)
