2024-03-02 15:50:48 error: uncaughtException: Cannot read properties of undefined (reading 'findAll')
TypeError: Cannot read properties of undefined (reading 'findAll')
    at UserRoute.get endpoints [as endpoints] (file:///home/bruno/Desktop/private/dev/typescript/monorepo-mern-railway-starter/packages/backend/src/routes/impl/UserRoute.ts:20:38)
    at UserRoute._Route_initializeEndpoints (file:///home/bruno/Desktop/private/dev/typescript/monorepo-mern-railway-starter/packages/backend/src/routes/Route.ts:47:10)
    at new Route (file:///home/bruno/Desktop/private/dev/typescript/monorepo-mern-railway-starter/packages/backend/src/routes/Route.ts:43:30)
    at new UserRoute (file:///home/bruno/Desktop/private/dev/typescript/monorepo-mern-railway-starter/packages/backend/src/routes/impl/UserRoute.ts:10:5)
    at file:///home/bruno/Desktop/private/dev/typescript/monorepo-mern-railway-starter/packages/backend/src/index.ts:4:22
    at ModuleJob.run (node:internal/modules/esm/module_job:194:25)
2024-03-02 15:51:16 error: uncaughtException: Cannot read properties of undefined (reading 'findAll')
TypeError: Cannot read properties of undefined (reading 'findAll')
    at UserRoute.get endpoints [as endpoints] (file:///home/bruno/Desktop/private/dev/typescript/monorepo-mern-railway-starter/packages/backend/src/routes/impl/UserRoute.ts:20:38)
    at UserRoute._Route_initializeEndpoints (file:///home/bruno/Desktop/private/dev/typescript/monorepo-mern-railway-starter/packages/backend/src/routes/Route.ts:47:10)
    at new Route (file:///home/bruno/Desktop/private/dev/typescript/monorepo-mern-railway-starter/packages/backend/src/routes/Route.ts:43:30)
    at new UserRoute (file:///home/bruno/Desktop/private/dev/typescript/monorepo-mern-railway-starter/packages/backend/src/routes/impl/UserRoute.ts:10:5)
    at file:///home/bruno/Desktop/private/dev/typescript/monorepo-mern-railway-starter/packages/backend/src/index.ts:4:22
    at ModuleJob.run (node:internal/modules/esm/module_job:194:25)
2024-03-02 15:51:25 error: uncaughtException: Cannot read properties of undefined (reading 'findAll')
TypeError: Cannot read properties of undefined (reading 'findAll')
    at UserRoute.get endpoints [as endpoints] (file:///home/bruno/Desktop/private/dev/typescript/monorepo-mern-railway-starter/packages/backend/src/routes/impl/UserRoute.ts:20:38)
    at UserRoute._Route_initializeEndpoints (file:///home/bruno/Desktop/private/dev/typescript/monorepo-mern-railway-starter/packages/backend/src/routes/Route.ts:47:10)
    at new Route (file:///home/bruno/Desktop/private/dev/typescript/monorepo-mern-railway-starter/packages/backend/src/routes/Route.ts:43:30)
    at new UserRoute (file:///home/bruno/Desktop/private/dev/typescript/monorepo-mern-railway-starter/packages/backend/src/routes/impl/UserRoute.ts:10:5)
    at file:///home/bruno/Desktop/private/dev/typescript/monorepo-mern-railway-starter/packages/backend/src/index.ts:4:22
    at ModuleJob.run (node:internal/modules/esm/module_job:194:25)
2024-03-02 15:52:04 error: uncaughtException: Cannot read properties of undefined (reading 'findAll')
TypeError: Cannot read properties of undefined (reading 'findAll')
    at UserRoute.get endpoints [as endpoints] (file:///home/bruno/Desktop/private/dev/typescript/monorepo-mern-railway-starter/packages/backend/src/routes/impl/UserRoute.ts:20:38)
    at UserRoute._Route_initializeEndpoints (file:///home/bruno/Desktop/private/dev/typescript/monorepo-mern-railway-starter/packages/backend/src/routes/Route.ts:47:10)
    at new Route (file:///home/bruno/Desktop/private/dev/typescript/monorepo-mern-railway-starter/packages/backend/src/routes/Route.ts:43:30)
    at new UserRoute (file:///home/bruno/Desktop/private/dev/typescript/monorepo-mern-railway-starter/packages/backend/src/routes/impl/UserRoute.ts:10:5)
    at file:///home/bruno/Desktop/private/dev/typescript/monorepo-mern-railway-starter/packages/backend/src/index.ts:4:22
    at ModuleJob.run (node:internal/modules/esm/module_job:194:25)
2024-03-02 15:52:15 error: uncaughtException: Cannot read properties of undefined (reading 'findAll')
TypeError: Cannot read properties of undefined (reading 'findAll')
    at UserRoute.get endpoints [as endpoints] (file:///home/bruno/Desktop/private/dev/typescript/monorepo-mern-railway-starter/packages/backend/src/routes/impl/UserRoute.ts:20:38)
    at UserRoute._Route_initializeEndpoints (file:///home/bruno/Desktop/private/dev/typescript/monorepo-mern-railway-starter/packages/backend/src/routes/Route.ts:47:10)
    at new Route (file:///home/bruno/Desktop/private/dev/typescript/monorepo-mern-railway-starter/packages/backend/src/routes/Route.ts:43:30)
    at new UserRoute (file:///home/bruno/Desktop/private/dev/typescript/monorepo-mern-railway-starter/packages/backend/src/routes/impl/UserRoute.ts:10:5)
    at file:///home/bruno/Desktop/private/dev/typescript/monorepo-mern-railway-starter/packages/backend/src/index.ts:4:22
    at ModuleJob.run (node:internal/modules/esm/module_job:194:25)
2024-03-02 15:52:44 error: uncaughtException: Cannot read properties of undefined (reading 'findAll')
TypeError: Cannot read properties of undefined (reading 'findAll')
    at UserRoute.get endpoints [as endpoints] (file:///home/bruno/Desktop/private/dev/typescript/monorepo-mern-railway-starter/packages/backend/src/routes/impl/UserRoute.ts:20:38)
    at UserRoute._Route_initializeEndpoints (file:///home/bruno/Desktop/private/dev/typescript/monorepo-mern-railway-starter/packages/backend/src/routes/Route.ts:47:10)
    at new Route (file:///home/bruno/Desktop/private/dev/typescript/monorepo-mern-railway-starter/packages/backend/src/routes/Route.ts:43:30)
    at new UserRoute (file:///home/bruno/Desktop/private/dev/typescript/monorepo-mern-railway-starter/packages/backend/src/routes/impl/UserRoute.ts:10:5)
    at file:///home/bruno/Desktop/private/dev/typescript/monorepo-mern-railway-starter/packages/backend/src/index.ts:4:22
    at ModuleJob.run (node:internal/modules/esm/module_job:194:25)
2024-03-02 15:53:14 error: uncaughtException: Cannot read properties of undefined (reading 'findAll')
TypeError: Cannot read properties of undefined (reading 'findAll')
    at UserRoute.get endpoints [as endpoints] (file:///home/bruno/Desktop/private/dev/typescript/monorepo-mern-railway-starter/packages/backend/src/routes/impl/UserRoute.ts:20:38)
    at UserRoute._Route_initializeEndpoints (file:///home/bruno/Desktop/private/dev/typescript/monorepo-mern-railway-starter/packages/backend/src/routes/Route.ts:47:10)
    at new Route (file:///home/bruno/Desktop/private/dev/typescript/monorepo-mern-railway-starter/packages/backend/src/routes/Route.ts:43:30)
    at new UserRoute (file:///home/bruno/Desktop/private/dev/typescript/monorepo-mern-railway-starter/packages/backend/src/routes/impl/UserRoute.ts:10:5)
    at file:///home/bruno/Desktop/private/dev/typescript/monorepo-mern-railway-starter/packages/backend/src/index.ts:4:22
    at ModuleJob.run (node:internal/modules/esm/module_job:194:25)
2024-03-02 15:53:48 error: uncaughtException: Cannot read properties of undefined (reading 'findAll')
TypeError: Cannot read properties of undefined (reading 'findAll')
    at UserRoute.get endpoints [as endpoints] (file:///home/bruno/Desktop/private/dev/typescript/monorepo-mern-railway-starter/packages/backend/src/routes/impl/UserRoute.ts:20:38)
    at UserRoute._Route_initializeEndpoints (file:///home/bruno/Desktop/private/dev/typescript/monorepo-mern-railway-starter/packages/backend/src/routes/Route.ts:47:10)
    at new Route (file:///home/bruno/Desktop/private/dev/typescript/monorepo-mern-railway-starter/packages/backend/src/routes/Route.ts:43:30)
    at new UserRoute (file:///home/bruno/Desktop/private/dev/typescript/monorepo-mern-railway-starter/packages/backend/src/routes/impl/UserRoute.ts:10:5)
    at file:///home/bruno/Desktop/private/dev/typescript/monorepo-mern-railway-starter/packages/backend/src/index.ts:4:22
    at ModuleJob.run (node:internal/modules/esm/module_job:194:25)
2024-03-02 15:54:01 error: uncaughtException: Cannot read properties of undefined (reading 'findAll')
TypeError: Cannot read properties of undefined (reading 'findAll')
    at UserRoute.get endpoints [as endpoints] (file:///home/bruno/Desktop/private/dev/typescript/monorepo-mern-railway-starter/packages/backend/src/routes/impl/UserRoute.ts:20:38)
    at UserRoute._Route_initializeEndpoints (file:///home/bruno/Desktop/private/dev/typescript/monorepo-mern-railway-starter/packages/backend/src/routes/Route.ts:47:10)
    at new Route (file:///home/bruno/Desktop/private/dev/typescript/monorepo-mern-railway-starter/packages/backend/src/routes/Route.ts:43:30)
    at new UserRoute (file:///home/bruno/Desktop/private/dev/typescript/monorepo-mern-railway-starter/packages/backend/src/routes/impl/UserRoute.ts:10:5)
    at file:///home/bruno/Desktop/private/dev/typescript/monorepo-mern-railway-starter/packages/backend/src/index.ts:4:22
    at ModuleJob.run (node:internal/modules/esm/module_job:194:25)
2024-03-02 15:54:35 error: uncaughtException: Cannot read properties of undefined (reading 'findAll')
TypeError: Cannot read properties of undefined (reading 'findAll')
    at UserRoute.get endpoints [as endpoints] (file:///home/bruno/Desktop/private/dev/typescript/monorepo-mern-railway-starter/packages/backend/src/routes/impl/UserRoute.ts:20:38)
    at UserRoute._Route_initializeEndpoints (file:///home/bruno/Desktop/private/dev/typescript/monorepo-mern-railway-starter/packages/backend/src/routes/Route.ts:47:10)
    at new Route (file:///home/bruno/Desktop/private/dev/typescript/monorepo-mern-railway-starter/packages/backend/src/routes/Route.ts:43:30)
    at new UserRoute (file:///home/bruno/Desktop/private/dev/typescript/monorepo-mern-railway-starter/packages/backend/src/routes/impl/UserRoute.ts:10:5)
    at file:///home/bruno/Desktop/private/dev/typescript/monorepo-mern-railway-starter/packages/backend/src/index.ts:4:22
    at ModuleJob.run (node:internal/modules/esm/module_job:194:25)
2024-03-02 15:55:07 error: uncaughtException: Cannot read properties of undefined (reading 'findAll')
TypeError: Cannot read properties of undefined (reading 'findAll')
    at UserRoute.get endpoints [as endpoints] (file:///home/bruno/Desktop/private/dev/typescript/monorepo-mern-railway-starter/packages/backend/src/routes/impl/UserRoute.ts:20:38)
    at UserRoute._Route_initializeEndpoints (file:///home/bruno/Desktop/private/dev/typescript/monorepo-mern-railway-starter/packages/backend/src/routes/Route.ts:47:10)
    at new Route (file:///home/bruno/Desktop/private/dev/typescript/monorepo-mern-railway-starter/packages/backend/src/routes/Route.ts:43:30)
    at new UserRoute (file:///home/bruno/Desktop/private/dev/typescript/monorepo-mern-railway-starter/packages/backend/src/routes/impl/UserRoute.ts:10:5)
    at file:///home/bruno/Desktop/private/dev/typescript/monorepo-mern-railway-starter/packages/backend/src/index.ts:4:22
    at ModuleJob.run (node:internal/modules/esm/module_job:194:25)
2024-03-02 15:55:52 error: uncaughtException: Cannot read properties of undefined (reading 'findAll')
TypeError: Cannot read properties of undefined (reading 'findAll')
    at UserRoute.get endpoints [as endpoints] (file:///home/bruno/Desktop/private/dev/typescript/monorepo-mern-railway-starter/packages/backend/src/routes/impl/UserRoute.ts:20:38)
    at UserRoute._Route_initializeEndpoints (file:///home/bruno/Desktop/private/dev/typescript/monorepo-mern-railway-starter/packages/backend/src/routes/Route.ts:47:10)
    at new Route (file:///home/bruno/Desktop/private/dev/typescript/monorepo-mern-railway-starter/packages/backend/src/routes/Route.ts:43:30)
    at new UserRoute (file:///home/bruno/Desktop/private/dev/typescript/monorepo-mern-railway-starter/packages/backend/src/routes/impl/UserRoute.ts:10:5)
    at file:///home/bruno/Desktop/private/dev/typescript/monorepo-mern-railway-starter/packages/backend/src/index.ts:8:22
    at ModuleJob.run (node:internal/modules/esm/module_job:194:25)
2024-03-02 15:57:22 error: uncaughtException: Cannot read properties of undefined (reading 'findAll')
TypeError: Cannot read properties of undefined (reading 'findAll')
    at UserRoute.endpoints (file:///home/bruno/Desktop/private/dev/typescript/monorepo-mern-railway-starter/packages/backend/src/routes/impl/UserRoute.ts:20:38)
    at UserRoute._Route_initializeEndpoints (file:///home/bruno/Desktop/private/dev/typescript/monorepo-mern-railway-starter/packages/backend/src/routes/Route.ts:47:10)
    at new Route (file:///home/bruno/Desktop/private/dev/typescript/monorepo-mern-railway-starter/packages/backend/src/routes/Route.ts:43:30)
    at new UserRoute (file:///home/bruno/Desktop/private/dev/typescript/monorepo-mern-railway-starter/packages/backend/src/routes/impl/UserRoute.ts:10:5)
    at file:///home/bruno/Desktop/private/dev/typescript/monorepo-mern-railway-starter/packages/backend/src/index.ts:8:22
    at ModuleJob.run (node:internal/modules/esm/module_job:194:25)
2024-03-02 15:57:40 error: uncaughtException: Cannot read properties of undefined (reading 'findAll')
TypeError: Cannot read properties of undefined (reading 'findAll')
    at UserRoute.endpoints (file:///home/bruno/Desktop/private/dev/typescript/monorepo-mern-railway-starter/packages/backend/src/routes/impl/UserRoute.ts:21:38)
    at UserRoute._Route_initializeEndpoints (file:///home/bruno/Desktop/private/dev/typescript/monorepo-mern-railway-starter/packages/backend/src/routes/Route.ts:47:10)
    at new Route (file:///home/bruno/Desktop/private/dev/typescript/monorepo-mern-railway-starter/packages/backend/src/routes/Route.ts:43:30)
    at new UserRoute (file:///home/bruno/Desktop/private/dev/typescript/monorepo-mern-railway-starter/packages/backend/src/routes/impl/UserRoute.ts:10:5)
    at file:///home/bruno/Desktop/private/dev/typescript/monorepo-mern-railway-starter/packages/backend/src/index.ts:8:22
    at ModuleJob.run (node:internal/modules/esm/module_job:194:25)
2024-03-02 15:57:59 error: uncaughtException: Cannot read properties of undefined (reading 'findAll')
TypeError: Cannot read properties of undefined (reading 'findAll')
    at UserRoute.endpoints (file:///home/bruno/Desktop/private/dev/typescript/monorepo-mern-railway-starter/packages/backend/src/routes/impl/UserRoute.ts:20:38)
    at UserRoute._Route_initializeEndpoints (file:///home/bruno/Desktop/private/dev/typescript/monorepo-mern-railway-starter/packages/backend/src/routes/Route.ts:47:10)
    at new Route (file:///home/bruno/Desktop/private/dev/typescript/monorepo-mern-railway-starter/packages/backend/src/routes/Route.ts:43:30)
    at new UserRoute (file:///home/bruno/Desktop/private/dev/typescript/monorepo-mern-railway-starter/packages/backend/src/routes/impl/UserRoute.ts:10:5)
    at file:///home/bruno/Desktop/private/dev/typescript/monorepo-mern-railway-starter/packages/backend/src/index.ts:8:22
    at ModuleJob.run (node:internal/modules/esm/module_job:194:25)
2024-03-02 15:58:54 error: uncaughtException: Cannot read properties of undefined (reading 'findAll')
TypeError: Cannot read properties of undefined (reading 'findAll')
    at UserRoute.endpoints (file:///home/bruno/Desktop/private/dev/typescript/monorepo-mern-railway-starter/packages/backend/src/routes/impl/UserRoute.ts:21:38)
    at UserRoute._Route_initializeEndpoints (file:///home/bruno/Desktop/private/dev/typescript/monorepo-mern-railway-starter/packages/backend/src/routes/Route.ts:47:10)
    at new Route (file:///home/bruno/Desktop/private/dev/typescript/monorepo-mern-railway-starter/packages/backend/src/routes/Route.ts:43:30)
    at new UserRoute (file:///home/bruno/Desktop/private/dev/typescript/monorepo-mern-railway-starter/packages/backend/src/routes/impl/UserRoute.ts:10:5)
    at file:///home/bruno/Desktop/private/dev/typescript/monorepo-mern-railway-starter/packages/backend/src/index.ts:8:22
    at ModuleJob.run (node:internal/modules/esm/module_job:194:25)
2024-03-02 16:03:08 error: uncaughtException: Authentication failed.
MongoServerError: Authentication failed.
    at Connection.onMessage (/home/bruno/Desktop/private/dev/typescript/monorepo-mern-railway-starter/node_modules/.pnpm/mongodb@6.3.0/node_modules/mongodb/src/cmap/connection.ts:421:18)
    at MessageStream.<anonymous> (/home/bruno/Desktop/private/dev/typescript/monorepo-mern-railway-starter/node_modules/.pnpm/mongodb@6.3.0/node_modules/mongodb/src/cmap/connection.ts:251:56)
    at MessageStream.emit (node:events:513:28)
    at MessageStream.emit (node:domain:489:12)
    at processIncomingData (/home/bruno/Desktop/private/dev/typescript/monorepo-mern-railway-starter/node_modules/.pnpm/mongodb@6.3.0/node_modules/mongodb/src/cmap/message_stream.ts:179:12)
    at MessageStream._write (/home/bruno/Desktop/private/dev/typescript/monorepo-mern-railway-starter/node_modules/.pnpm/mongodb@6.3.0/node_modules/mongodb/src/cmap/message_stream.ts:68:5)
    at writeOrBuffer (node:internal/streams/writable:392:12)
    at _write (node:internal/streams/writable:333:10)
    at MessageStream.Writable.write (node:internal/streams/writable:337:10)
    at Socket.ondata (node:internal/streams/readable:766:22)
2024-03-02 16:04:51 error: uncaughtException: Authentication failed.
MongoServerError: Authentication failed.
    at Connection.onMessage (/home/bruno/Desktop/private/dev/typescript/monorepo-mern-railway-starter/node_modules/.pnpm/mongodb@6.3.0/node_modules/mongodb/src/cmap/connection.ts:421:18)
    at MessageStream.<anonymous> (/home/bruno/Desktop/private/dev/typescript/monorepo-mern-railway-starter/node_modules/.pnpm/mongodb@6.3.0/node_modules/mongodb/src/cmap/connection.ts:251:56)
    at MessageStream.emit (node:events:513:28)
    at MessageStream.emit (node:domain:489:12)
    at processIncomingData (/home/bruno/Desktop/private/dev/typescript/monorepo-mern-railway-starter/node_modules/.pnpm/mongodb@6.3.0/node_modules/mongodb/src/cmap/message_stream.ts:179:12)
    at MessageStream._write (/home/bruno/Desktop/private/dev/typescript/monorepo-mern-railway-starter/node_modules/.pnpm/mongodb@6.3.0/node_modules/mongodb/src/cmap/message_stream.ts:68:5)
    at writeOrBuffer (node:internal/streams/writable:392:12)
    at _write (node:internal/streams/writable:333:10)
    at MessageStream.Writable.write (node:internal/streams/writable:337:10)
    at Socket.ondata (node:internal/streams/readable:766:22)
2024-03-02 16:10:50 error: uncaughtException: Authentication failed.
MongoServerError: Authentication failed.
    at Connection.onMessage (/home/bruno/Desktop/private/dev/typescript/monorepo-mern-railway-starter/node_modules/.pnpm/mongodb@6.3.0/node_modules/mongodb/src/cmap/connection.ts:421:18)
    at MessageStream.<anonymous> (/home/bruno/Desktop/private/dev/typescript/monorepo-mern-railway-starter/node_modules/.pnpm/mongodb@6.3.0/node_modules/mongodb/src/cmap/connection.ts:251:56)
    at MessageStream.emit (node:events:513:28)
    at MessageStream.emit (node:domain:489:12)
    at processIncomingData (/home/bruno/Desktop/private/dev/typescript/monorepo-mern-railway-starter/node_modules/.pnpm/mongodb@6.3.0/node_modules/mongodb/src/cmap/message_stream.ts:179:12)
    at MessageStream._write (/home/bruno/Desktop/private/dev/typescript/monorepo-mern-railway-starter/node_modules/.pnpm/mongodb@6.3.0/node_modules/mongodb/src/cmap/message_stream.ts:68:5)
    at writeOrBuffer (node:internal/streams/writable:392:12)
    at _write (node:internal/streams/writable:333:10)
    at MessageStream.Writable.write (node:internal/streams/writable:337:10)
    at Socket.ondata (node:internal/streams/readable:766:22)
2024-03-02 16:14:07 error: uncaughtException: Authentication failed.
MongoServerError: Authentication failed.
    at Connection.onMessage (/home/bruno/Desktop/private/dev/typescript/monorepo-mern-railway-starter/node_modules/.pnpm/mongodb@6.3.0/node_modules/mongodb/src/cmap/connection.ts:421:18)
    at MessageStream.<anonymous> (/home/bruno/Desktop/private/dev/typescript/monorepo-mern-railway-starter/node_modules/.pnpm/mongodb@6.3.0/node_modules/mongodb/src/cmap/connection.ts:251:56)
    at MessageStream.emit (node:events:513:28)
    at MessageStream.emit (node:domain:489:12)
    at processIncomingData (/home/bruno/Desktop/private/dev/typescript/monorepo-mern-railway-starter/node_modules/.pnpm/mongodb@6.3.0/node_modules/mongodb/src/cmap/message_stream.ts:179:12)
    at MessageStream._write (/home/bruno/Desktop/private/dev/typescript/monorepo-mern-railway-starter/node_modules/.pnpm/mongodb@6.3.0/node_modules/mongodb/src/cmap/message_stream.ts:68:5)
    at writeOrBuffer (node:internal/streams/writable:392:12)
    at _write (node:internal/streams/writable:333:10)
    at MessageStream.Writable.write (node:internal/streams/writable:337:10)
    at Socket.ondata (node:internal/streams/readable:766:22)
2024-03-02 16:15:07 error: uncaughtException: Authentication failed.
MongoServerError: Authentication failed.
    at Connection.onMessage (/home/bruno/Desktop/private/dev/typescript/monorepo-mern-railway-starter/node_modules/.pnpm/mongodb@6.3.0/node_modules/mongodb/src/cmap/connection.ts:421:18)
    at MessageStream.<anonymous> (/home/bruno/Desktop/private/dev/typescript/monorepo-mern-railway-starter/node_modules/.pnpm/mongodb@6.3.0/node_modules/mongodb/src/cmap/connection.ts:251:56)
    at MessageStream.emit (node:events:513:28)
    at MessageStream.emit (node:domain:489:12)
    at processIncomingData (/home/bruno/Desktop/private/dev/typescript/monorepo-mern-railway-starter/node_modules/.pnpm/mongodb@6.3.0/node_modules/mongodb/src/cmap/message_stream.ts:179:12)
    at MessageStream._write (/home/bruno/Desktop/private/dev/typescript/monorepo-mern-railway-starter/node_modules/.pnpm/mongodb@6.3.0/node_modules/mongodb/src/cmap/message_stream.ts:68:5)
    at writeOrBuffer (node:internal/streams/writable:392:12)
    at _write (node:internal/streams/writable:333:10)
    at MessageStream.Writable.write (node:internal/streams/writable:337:10)
    at Socket.ondata (node:internal/streams/readable:766:22)
2024-03-02 16:18:46 error: uncaughtException: Unable to parse viaduct.proxy.rlwy.net:30052' with URL
MongoRuntimeError: Unable to parse viaduct.proxy.rlwy.net:30052' with URL
    at new HostAddress (/home/bruno/Desktop/private/dev/typescript/monorepo-mern-railway-starter/node_modules/.pnpm/mongodb@6.3.0/node_modules/mongodb/src/utils.ts:947:28)
    at fromString (/home/bruno/Desktop/private/dev/typescript/monorepo-mern-railway-starter/node_modules/.pnpm/mongodb@6.3.0/node_modules/mongodb/src/utils.ts:996:12)
    at Array.map (<anonymous>)
    at parseOptions (/home/bruno/Desktop/private/dev/typescript/monorepo-mern-railway-starter/node_modules/.pnpm/mongodb@6.3.0/node_modules/mongodb/src/connection_string.ts:257:43)
    at new MongoClient (/home/bruno/Desktop/private/dev/typescript/monorepo-mern-railway-starter/node_modules/.pnpm/mongodb@6.3.0/node_modules/mongodb/src/mongo_client.ts:359:34)
    at NativeConnection.createClient (/home/bruno/Desktop/private/dev/typescript/monorepo-mern-railway-starter/node_modules/.pnpm/mongoose@8.2.0/node_modules/mongoose/lib/drivers/node-mongodb-native/connection.js:293:14)
    at NativeConnection.openUri (/home/bruno/Desktop/private/dev/typescript/monorepo-mern-railway-starter/node_modules/.pnpm/mongoose@8.2.0/node_modules/mongoose/lib/connection.js:801:34)
    at connect (/home/bruno/Desktop/private/dev/typescript/monorepo-mern-railway-starter/node_modules/.pnpm/mongoose@8.2.0/node_modules/mongoose/lib/mongoose.js:404:15)
    at file:///home/bruno/Desktop/private/dev/typescript/monorepo-mern-railway-starter/packages/backend/src/database/index.ts:18:9
    at Generator.next (<anonymous>)
2024-03-02 16:19:17 error: uncaughtException: Unable to parse viaduct.proxy.rlwy.net:30052' with URL
MongoRuntimeError: Unable to parse viaduct.proxy.rlwy.net:30052' with URL
    at new HostAddress (/home/bruno/Desktop/private/dev/typescript/monorepo-mern-railway-starter/node_modules/.pnpm/mongodb@6.3.0/node_modules/mongodb/src/utils.ts:947:28)
    at fromString (/home/bruno/Desktop/private/dev/typescript/monorepo-mern-railway-starter/node_modules/.pnpm/mongodb@6.3.0/node_modules/mongodb/src/utils.ts:996:12)
    at Array.map (<anonymous>)
    at parseOptions (/home/bruno/Desktop/private/dev/typescript/monorepo-mern-railway-starter/node_modules/.pnpm/mongodb@6.3.0/node_modules/mongodb/src/connection_string.ts:257:43)
    at new MongoClient (/home/bruno/Desktop/private/dev/typescript/monorepo-mern-railway-starter/node_modules/.pnpm/mongodb@6.3.0/node_modules/mongodb/src/mongo_client.ts:359:34)
    at NativeConnection.createClient (/home/bruno/Desktop/private/dev/typescript/monorepo-mern-railway-starter/node_modules/.pnpm/mongoose@8.2.0/node_modules/mongoose/lib/drivers/node-mongodb-native/connection.js:293:14)
    at NativeConnection.openUri (/home/bruno/Desktop/private/dev/typescript/monorepo-mern-railway-starter/node_modules/.pnpm/mongoose@8.2.0/node_modules/mongoose/lib/connection.js:801:34)
    at connect (/home/bruno/Desktop/private/dev/typescript/monorepo-mern-railway-starter/node_modules/.pnpm/mongoose@8.2.0/node_modules/mongoose/lib/mongoose.js:404:15)
    at file:///home/bruno/Desktop/private/dev/typescript/monorepo-mern-railway-starter/packages/backend/src/database/index.ts:18:9
    at Generator.next (<anonymous>)
2024-03-02 16:21:15 error: uncaughtException: Authentication failed.
MongoServerError: Authentication failed.
    at Connection.onMessage (/home/bruno/Desktop/private/dev/typescript/monorepo-mern-railway-starter/node_modules/.pnpm/mongodb@6.3.0/node_modules/mongodb/src/cmap/connection.ts:421:18)
    at MessageStream.<anonymous> (/home/bruno/Desktop/private/dev/typescript/monorepo-mern-railway-starter/node_modules/.pnpm/mongodb@6.3.0/node_modules/mongodb/src/cmap/connection.ts:251:56)
    at MessageStream.emit (node:events:513:28)
    at MessageStream.emit (node:domain:489:12)
    at processIncomingData (/home/bruno/Desktop/private/dev/typescript/monorepo-mern-railway-starter/node_modules/.pnpm/mongodb@6.3.0/node_modules/mongodb/src/cmap/message_stream.ts:179:12)
    at MessageStream._write (/home/bruno/Desktop/private/dev/typescript/monorepo-mern-railway-starter/node_modules/.pnpm/mongodb@6.3.0/node_modules/mongodb/src/cmap/message_stream.ts:68:5)
    at writeOrBuffer (node:internal/streams/writable:392:12)
    at _write (node:internal/streams/writable:333:10)
    at MessageStream.Writable.write (node:internal/streams/writable:337:10)
    at Socket.ondata (node:internal/streams/readable:766:22)
2024-03-02 16:21:30 error: uncaughtException: Authentication failed.
MongoServerError: Authentication failed.
    at Connection.onMessage (/home/bruno/Desktop/private/dev/typescript/monorepo-mern-railway-starter/node_modules/.pnpm/mongodb@6.3.0/node_modules/mongodb/src/cmap/connection.ts:421:18)
    at MessageStream.<anonymous> (/home/bruno/Desktop/private/dev/typescript/monorepo-mern-railway-starter/node_modules/.pnpm/mongodb@6.3.0/node_modules/mongodb/src/cmap/connection.ts:251:56)
    at MessageStream.emit (node:events:513:28)
    at MessageStream.emit (node:domain:489:12)
    at processIncomingData (/home/bruno/Desktop/private/dev/typescript/monorepo-mern-railway-starter/node_modules/.pnpm/mongodb@6.3.0/node_modules/mongodb/src/cmap/message_stream.ts:179:12)
    at MessageStream._write (/home/bruno/Desktop/private/dev/typescript/monorepo-mern-railway-starter/node_modules/.pnpm/mongodb@6.3.0/node_modules/mongodb/src/cmap/message_stream.ts:68:5)
    at writeOrBuffer (node:internal/streams/writable:392:12)
    at _write (node:internal/streams/writable:333:10)
    at MessageStream.Writable.write (node:internal/streams/writable:337:10)
    at Socket.ondata (node:internal/streams/readable:766:22)
2024-03-02 16:22:04 error: uncaughtException: Authentication failed.
MongoServerError: Authentication failed.
    at Connection.onMessage (/home/bruno/Desktop/private/dev/typescript/monorepo-mern-railway-starter/node_modules/.pnpm/mongodb@6.3.0/node_modules/mongodb/src/cmap/connection.ts:421:18)
    at MessageStream.<anonymous> (/home/bruno/Desktop/private/dev/typescript/monorepo-mern-railway-starter/node_modules/.pnpm/mongodb@6.3.0/node_modules/mongodb/src/cmap/connection.ts:251:56)
    at MessageStream.emit (node:events:513:28)
    at MessageStream.emit (node:domain:489:12)
    at processIncomingData (/home/bruno/Desktop/private/dev/typescript/monorepo-mern-railway-starter/node_modules/.pnpm/mongodb@6.3.0/node_modules/mongodb/src/cmap/message_stream.ts:179:12)
    at MessageStream._write (/home/bruno/Desktop/private/dev/typescript/monorepo-mern-railway-starter/node_modules/.pnpm/mongodb@6.3.0/node_modules/mongodb/src/cmap/message_stream.ts:68:5)
    at writeOrBuffer (node:internal/streams/writable:392:12)
    at _write (node:internal/streams/writable:333:10)
    at MessageStream.Writable.write (node:internal/streams/writable:337:10)
    at Socket.ondata (node:internal/streams/readable:766:22)
2024-03-02 16:23:33 error: uncaughtException: Authentication failed.
MongoServerError: Authentication failed.
    at Connection.onMessage (/home/bruno/Desktop/private/dev/typescript/monorepo-mern-railway-starter/node_modules/.pnpm/mongodb@6.3.0/node_modules/mongodb/src/cmap/connection.ts:421:18)
    at MessageStream.<anonymous> (/home/bruno/Desktop/private/dev/typescript/monorepo-mern-railway-starter/node_modules/.pnpm/mongodb@6.3.0/node_modules/mongodb/src/cmap/connection.ts:251:56)
    at MessageStream.emit (node:events:513:28)
    at MessageStream.emit (node:domain:489:12)
    at processIncomingData (/home/bruno/Desktop/private/dev/typescript/monorepo-mern-railway-starter/node_modules/.pnpm/mongodb@6.3.0/node_modules/mongodb/src/cmap/message_stream.ts:179:12)
    at MessageStream._write (/home/bruno/Desktop/private/dev/typescript/monorepo-mern-railway-starter/node_modules/.pnpm/mongodb@6.3.0/node_modules/mongodb/src/cmap/message_stream.ts:68:5)
    at writeOrBuffer (node:internal/streams/writable:392:12)
    at _write (node:internal/streams/writable:333:10)
    at MessageStream.Writable.write (node:internal/streams/writable:337:10)
    at Socket.ondata (node:internal/streams/readable:766:22)
