2024-03-03 10:24:53 error: uncaughtException: Cannot read properties of undefined (reading 'router')
TypeError: Cannot read properties of undefined (reading 'router')
    at file:///home/bruno/Desktop/private/dev/typescript/monorepo-mern-railway-starter/packages/backend/src/App.ts:69:31
    at Array.forEach (<anonymous>)
    at App.initializeRoutes (file:///home/bruno/Desktop/private/dev/typescript/monorepo-mern-railway-starter/packages/backend/src/App.ts:68:12)
    at new App (file:///home/bruno/Desktop/private/dev/typescript/monorepo-mern-railway-starter/packages/backend/src/App.ts:34:10)
    at file:///home/bruno/Desktop/private/dev/typescript/monorepo-mern-railway-starter/packages/backend/src/index.ts:11:13
    at ModuleJob.run (node:internal/modules/esm/module_job:194:25)
2024-03-03 10:25:43 error: uncaughtException: Cannot read properties of undefined (reading 'router')
TypeError: Cannot read properties of undefined (reading 'router')
    at file:///home/bruno/Desktop/private/dev/typescript/monorepo-mern-railway-starter/packages/backend/src/App.ts:69:31
    at Array.forEach (<anonymous>)
    at App.initializeRoutes (file:///home/bruno/Desktop/private/dev/typescript/monorepo-mern-railway-starter/packages/backend/src/App.ts:68:12)
    at new App (file:///home/bruno/Desktop/private/dev/typescript/monorepo-mern-railway-starter/packages/backend/src/App.ts:34:10)
    at file:///home/bruno/Desktop/private/dev/typescript/monorepo-mern-railway-starter/packages/backend/src/index.ts:13:13
    at ModuleJob.run (node:internal/modules/esm/module_job:194:25)
2024-03-03 10:25:52 error: uncaughtException: Cannot read properties of undefined (reading 'findAll')
TypeError: Cannot read properties of undefined (reading 'findAll')
    at UserRoute.endpoints (file:///home/bruno/Desktop/private/dev/typescript/monorepo-mern-railway-starter/packages/backend/src/routes/impl/UserRoute.ts:17:38)
    at UserRoute._Route_initializeEndpoints (file:///home/bruno/Desktop/private/dev/typescript/monorepo-mern-railway-starter/packages/backend/src/routes/Route.ts:49:10)
    at new Route (file:///home/bruno/Desktop/private/dev/typescript/monorepo-mern-railway-starter/packages/backend/src/routes/Route.ts:45:30)
    at new UserRoute (file:///home/bruno/Desktop/private/dev/typescript/monorepo-mern-railway-starter/packages/backend/src/routes/impl/UserRoute.ts:8:5)
    at GenericProvider.GenericFactory [as $get] (/home/bruno/Desktop/private/dev/typescript/monorepo-mern-railway-starter/node_modules/.pnpm/bottlejs@2.0.1/node_modules/bottlejs/dist/bottle.js:275:20)
    at Object.getService [as userRoute] (/home/bruno/Desktop/private/dev/typescript/monorepo-mern-railway-starter/node_modules/.pnpm/bottlejs@2.0.1/node_modules/bottlejs/dist/bottle.js:205:89)
    at file:///home/bruno/Desktop/private/dev/typescript/monorepo-mern-railway-starter/packages/backend/src/index.ts:11:23
    at ModuleJob.run (node:internal/modules/esm/module_job:194:25)
2024-03-03 10:26:02 error: uncaughtException: Cannot read properties of undefined (reading 'findAll')
TypeError: Cannot read properties of undefined (reading 'findAll')
    at UserRoute.endpoints (file:///home/bruno/Desktop/private/dev/typescript/monorepo-mern-railway-starter/packages/backend/src/routes/impl/UserRoute.ts:17:38)
    at UserRoute._Route_initializeEndpoints (file:///home/bruno/Desktop/private/dev/typescript/monorepo-mern-railway-starter/packages/backend/src/routes/Route.ts:49:10)
    at new Route (file:///home/bruno/Desktop/private/dev/typescript/monorepo-mern-railway-starter/packages/backend/src/routes/Route.ts:45:30)
    at new UserRoute (file:///home/bruno/Desktop/private/dev/typescript/monorepo-mern-railway-starter/packages/backend/src/routes/impl/UserRoute.ts:8:5)
    at GenericProvider.GenericFactory [as $get] (/home/bruno/Desktop/private/dev/typescript/monorepo-mern-railway-starter/node_modules/.pnpm/bottlejs@2.0.1/node_modules/bottlejs/dist/bottle.js:275:20)
    at Object.getService [as userRoute] (/home/bruno/Desktop/private/dev/typescript/monorepo-mern-railway-starter/node_modules/.pnpm/bottlejs@2.0.1/node_modules/bottlejs/dist/bottle.js:205:89)
    at file:///home/bruno/Desktop/private/dev/typescript/monorepo-mern-railway-starter/packages/backend/src/index.ts:11:23
    at ModuleJob.run (node:internal/modules/esm/module_job:194:25)
2024-03-03 17:19:32 error: uncaughtException: listen EADDRINUSE: address already in use :::3000
Error: listen EADDRINUSE: address already in use :::3000
    at Server.setupListenHandle [as _listen2] (node:net:1740:16)
    at listenInCluster (node:net:1788:12)
    at Server.listen (node:net:1876:7)
    at Function.listen (/home/bruno/Desktop/private/dev/typescript/monorepo-mern-railway-starter/node_modules/.pnpm/express@4.18.2/node_modules/express/lib/application.js:635:24)
    at App.listen (file:///home/bruno/Desktop/private/dev/typescript/monorepo-mern-railway-starter/packages/backend/src/App.ts:37:14)
    at file:///home/bruno/Desktop/private/dev/typescript/monorepo-mern-railway-starter/packages/backend/src/index.ts:12:5
    at ModuleJob.run (node:internal/modules/esm/module_job:194:25)
2024-03-03 17:25:37 error: uncaughtException: listen EADDRINUSE: address already in use :::3000
Error: listen EADDRINUSE: address already in use :::3000
    at Server.setupListenHandle [as _listen2] (node:net:1740:16)
    at listenInCluster (node:net:1788:12)
    at Server.listen (node:net:1876:7)
    at Function.listen (/home/bruno/Desktop/private/dev/typescript/monorepo-mern-railway-starter/node_modules/.pnpm/express@4.18.2/node_modules/express/lib/application.js:635:24)
    at App.listen (file:///home/bruno/Desktop/private/dev/typescript/monorepo-mern-railway-starter/packages/backend/src/App.ts:37:14)
    at file:///home/bruno/Desktop/private/dev/typescript/monorepo-mern-railway-starter/packages/backend/src/index.ts:12:5
    at ModuleJob.run (node:internal/modules/esm/module_job:194:25)
2024-03-03 17:29:41 error: uncaughtException: connection timed out
MongooseServerSelectionError: connection timed out
    at _handleConnectionErrors (/home/bruno/Desktop/private/dev/typescript/monorepo-mern-railway-starter/node_modules/.pnpm/mongoose@8.2.0/node_modules/mongoose/lib/connection.js:851:11)
    at NativeConnection.openUri (/home/bruno/Desktop/private/dev/typescript/monorepo-mern-railway-starter/node_modules/.pnpm/mongoose@8.2.0/node_modules/mongoose/lib/connection.js:826:11)
2024-03-03 17:29:55 error: uncaughtException: Cannot read properties of undefined (reading 'findAll')
TypeError: Cannot read properties of undefined (reading 'findAll')
    at UserRoute.endpoints (file:///home/bruno/Desktop/private/dev/typescript/monorepo-mern-railway-starter/packages/backend/src/routes/impl/UserRoute.ts:19:38)
    at UserRoute.setupEndpoints (file:///home/bruno/Desktop/private/dev/typescript/monorepo-mern-railway-starter/packages/backend/src/routes/Route.ts:47:10)
    at new Route (file:///home/bruno/Desktop/private/dev/typescript/monorepo-mern-railway-starter/packages/backend/src/routes/Route.ts:43:10)
    at new UserRoute (file:///home/bruno/Desktop/private/dev/typescript/monorepo-mern-railway-starter/packages/backend/src/routes/impl/UserRoute.ts:10:5)
    at GenericProvider.GenericFactory [as $get] (/home/bruno/Desktop/private/dev/typescript/monorepo-mern-railway-starter/node_modules/.pnpm/bottlejs@2.0.1/node_modules/bottlejs/dist/bottle.js:275:20)
    at Object.getService [as userRoute] (/home/bruno/Desktop/private/dev/typescript/monorepo-mern-railway-starter/node_modules/.pnpm/bottlejs@2.0.1/node_modules/bottlejs/dist/bottle.js:205:89)
    at inject (file:///home/bruno/Desktop/private/dev/typescript/monorepo-mern-railway-starter/packages/backend/src/config/bottlejs.config.ts:88:19)
    at file:///home/bruno/Desktop/private/dev/typescript/monorepo-mern-railway-starter/packages/backend/src/index.ts:10:22
    at ModuleJob.run (node:internal/modules/esm/module_job:194:25)
2024-03-03 17:30:27 error: uncaughtException: Cannot read properties of undefined (reading 'findAll')
TypeError: Cannot read properties of undefined (reading 'findAll')
    at UserRoute.endpoints (file:///home/bruno/Desktop/private/dev/typescript/monorepo-mern-railway-starter/packages/backend/src/routes/impl/UserRoute.ts:19:38)
    at UserRoute.setupEndpoints (file:///home/bruno/Desktop/private/dev/typescript/monorepo-mern-railway-starter/packages/backend/src/routes/Route.ts:47:10)
    at new Route (file:///home/bruno/Desktop/private/dev/typescript/monorepo-mern-railway-starter/packages/backend/src/routes/Route.ts:43:10)
    at new UserRoute (file:///home/bruno/Desktop/private/dev/typescript/monorepo-mern-railway-starter/packages/backend/src/routes/impl/UserRoute.ts:10:5)
    at GenericProvider.GenericFactory [as $get] (/home/bruno/Desktop/private/dev/typescript/monorepo-mern-railway-starter/node_modules/.pnpm/bottlejs@2.0.1/node_modules/bottlejs/dist/bottle.js:275:20)
    at Object.getService [as userRoute] (/home/bruno/Desktop/private/dev/typescript/monorepo-mern-railway-starter/node_modules/.pnpm/bottlejs@2.0.1/node_modules/bottlejs/dist/bottle.js:205:89)
    at inject (file:///home/bruno/Desktop/private/dev/typescript/monorepo-mern-railway-starter/packages/backend/src/config/bottlejs.config.ts:88:19)
    at file:///home/bruno/Desktop/private/dev/typescript/monorepo-mern-railway-starter/packages/backend/src/index.ts:10:22
    at ModuleJob.run (node:internal/modules/esm/module_job:194:25)
